<?xml version="1.0" encoding="UTF-8"?>
<!-- Generated by org.testng.reporters.JUnitReportReporter -->
<testsuite skipped="0" hostname="LAPTOP-I5MPUN7Q" name="com.extentReports.SampleExtent" tests="1" failures="0" timestamp="2022-04-11T16:22:31 IST" time="8.481" errors="0">
  <testcase name="demo" time="8.481" classname="com.extentReports.SampleExtent"/>
  <system-out/>
</testsuite> <!-- com.extentReports.SampleExtent -->
