<?xml version="1.0" encoding="UTF-8"?>
<!-- Generated by org.testng.reporters.JUnitReportReporter -->
<testsuite skipped="0" hostname="LAPTOP-I5MPUN7Q" name="com.extentReports.Actitime" tests="1" failures="0" timestamp="2022-04-22T10:11:31 IST" time="7.894" errors="0">
  <testcase name="login" time="7.894" classname="com.extentReports.Actitime"/>
  <system-out/>
</testsuite> <!-- com.extentReports.Actitime -->
