<?xml version="1.0" encoding="UTF-8"?>
<!-- Generated by org.testng.reporters.JUnitReportReporter -->
<testsuite skipped="0" hostname="LAPTOP-I5MPUN7Q" name="com.extentReports.DemoReport" tests="1" failures="0" timestamp="2022-04-08T16:27:20 IST" time="3.895" errors="0">
  <testcase name="sample" time="3.895" classname="com.extentReports.DemoReport"/>
  <system-out/>
</testsuite> <!-- com.extentReports.DemoReport -->
