<?xml version="1.0" encoding="UTF-8"?>
<!-- Generated by org.testng.reporters.JUnitReportReporter -->
<testsuite skipped="0" hostname="LAPTOP-I5MPUN7Q" name="com.testcases.TaskPageTest" tests="1" failures="0" timestamp="2022-04-09T14:58:14 IST" time="26.043" errors="0">
  <testcase name="taskTest" time="26.043" classname="com.testcases.TaskPageTest"/>
  <system-out/>
</testsuite> <!-- com.testcases.TaskPageTest -->
