<?xml version="1.0" encoding="UTF-8"?>
<!-- Generated by org.testng.reporters.JUnitReportReporter -->
<testsuite skipped="0" hostname="LAPTOP-I5MPUN7Q" name="extentReport_letskodeit.SampleLoginTest" tests="1" failures="0" timestamp="2022-06-16T10:34:53 IST" time="0.267" errors="0">
  <testcase name="login" time="0.267" classname="extentReport_letskodeit.SampleLoginTest"/>
  <system-out/>
</testsuite> <!-- extentReport_letskodeit.SampleLoginTest -->
